TN:
SF:src/index.ts
FNF:0
FNH:0
DA:1,1
DA:2,1
DA:3,1
DA:4,1
DA:5,1
DA:6,1
DA:7,1
DA:8,1
DA:9,1
DA:10,1
DA:11,1
DA:12,1
DA:13,1
DA:14,1
LF:14
LH:14
BRF:0
BRH:0
end_of_record
TN:
SF:src/config/config.ts
FNF:0
FNH:0
DA:1,1
DA:2,1
DA:3,1
DA:4,1
DA:5,1
LF:5
LH:5
BRDA:3,0,0,0
BRF:1
BRH:0
end_of_record
TN:
SF:src/controllers/authController.ts
FN:6,signUp
FN:14,signIn
FNF:2
FNH:2
FNDA:7,signUp
FNDA:3,signIn
DA:1,1
DA:2,1
DA:3,1
DA:4,1
DA:5,1
DA:6,7
DA:7,7
DA:8,7
DA:9,7
DA:10,5
DA:11,5
DA:12,5
DA:13,1
DA:14,3
DA:15,3
DA:16,3
DA:17,3
DA:18,1
DA:19,1
DA:20,1
LF:20
LH:20
BRDA:6,0,0,7
BRDA:10,1,0,5
BRDA:14,2,0,3
BRDA:18,3,0,1
BRF:4
BRH:4
end_of_record
TN:
SF:src/database/postgres.ts
FNF:0
FNH:0
DA:1,1
DA:2,1
DA:3,1
DA:4,1
DA:5,1
LF:5
LH:5
BRF:0
BRH:0
end_of_record
TN:
SF:src/errors/throwErrors.ts
FN:3,throwCustomError
FNF:1
FNH:1
FNDA:4,throwCustomError
DA:1,1
DA:2,1
DA:3,4
DA:4,4
DA:5,4
LF:5
LH:5
BRDA:3,0,0,4
BRF:1
BRH:1
end_of_record
TN:
SF:src/middlewares/errorHandlerMiddleware.ts
FN:5,errorHandler
FNF:1
FNH:1
FNDA:4,errorHandler
DA:1,1
DA:2,1
DA:3,1
DA:4,1
DA:5,4
DA:6,4
DA:7,4
DA:8,4
DA:9,4
DA:10,4
DA:11,0
DA:12,0
DA:13,0
LF:13
LH:10
BRDA:5,0,0,4
BRDA:11,1,0,0
BRF:2
BRH:1
end_of_record
TN:
SF:src/middlewares/validateSchemasMiddleware.ts
FN:4,validateShemas
FNF:1
FNH:1
FNDA:2,validateShemas
DA:1,1
DA:2,1
DA:3,1
DA:4,2
DA:5,2
DA:6,10
DA:7,10
DA:8,10
DA:9,0
DA:10,0
DA:11,10
DA:12,10
DA:13,2
DA:14,2
LF:14
LH:12
BRDA:4,0,0,2
BRDA:5,1,0,10
BRDA:8,2,0,0
BRF:3
BRH:2
end_of_record
TN:
SF:src/repositories/authRepository.ts
FN:2,findUserEmail
FN:10,createUser
FNF:2
FNH:2
FNDA:10,findUserEmail
FNDA:5,createUser
DA:1,1
DA:2,10
DA:3,10
DA:4,10
DA:5,10
DA:6,10
DA:7,10
DA:8,10
DA:9,10
DA:10,5
DA:11,5
DA:12,5
DA:13,5
DA:14,5
DA:15,5
DA:16,5
DA:17,5
LF:17
LH:17
BRDA:2,0,0,10
BRDA:10,1,0,5
BRF:2
BRH:2
end_of_record
TN:
SF:src/routes/authRouter.ts
FNF:0
FNH:0
DA:1,1
DA:2,1
DA:3,1
DA:4,1
DA:5,1
DA:6,1
DA:7,1
DA:8,1
DA:9,1
DA:10,1
DA:11,1
LF:11
LH:11
BRF:0
BRH:0
end_of_record
TN:
SF:src/routes/routes.ts
FNF:0
FNH:0
DA:1,1
DA:2,1
DA:3,1
DA:4,1
DA:5,1
DA:6,1
DA:7,1
DA:8,1
LF:8
LH:8
BRF:0
BRH:0
end_of_record
TN:
SF:src/schemas/authSchema.ts
FNF:0
FNH:0
DA:1,1
DA:2,1
DA:3,1
DA:4,1
DA:5,1
DA:6,1
DA:7,1
DA:8,1
DA:9,1
DA:10,1
DA:11,1
DA:12,1
DA:13,1
DA:14,1
DA:15,1
DA:16,1
LF:16
LH:16
BRF:0
BRH:0
end_of_record
TN:
SF:src/schemas/schemas.ts
FNF:0
FNH:0
DA:1,1
DA:2,1
DA:3,1
DA:4,1
DA:5,1
DA:6,1
DA:7,1
DA:8,1
LF:8
LH:8
BRF:0
BRH:0
end_of_record
TN:
SF:src/services/authServices.ts
FN:12,login
FN:30,createUser
FNF:2
FNH:2
FNDA:3,login
FNDA:7,createUser
DA:1,1
DA:2,1
DA:3,1
DA:4,1
DA:5,1
DA:6,1
DA:7,1
DA:8,1
DA:9,1
DA:10,1
DA:11,1
DA:12,3
DA:13,3
DA:14,3
DA:15,3
DA:16,3
DA:17,3
DA:18,2
DA:19,2
DA:20,1
DA:21,1
DA:22,1
DA:23,1
DA:24,1
DA:25,1
DA:26,1
DA:27,1
DA:28,1
DA:29,1
DA:30,7
DA:31,7
DA:32,7
DA:33,7
DA:34,1
DA:35,1
DA:36,7
DA:37,1
DA:38,1
DA:39,5
DA:40,5
DA:41,5
LF:41
LH:41
BRDA:12,0,0,3
BRDA:14,1,0,2
BRDA:14,2,0,1
BRDA:14,3,0,2
BRDA:15,4,0,2
BRDA:15,5,0,1
BRDA:15,6,0,2
BRDA:17,7,0,2
BRDA:17,8,0,2
BRDA:20,9,0,1
BRDA:30,10,0,7
BRDA:33,11,0,1
BRDA:36,12,0,6
BRDA:36,13,0,1
BRDA:39,14,0,5
BRF:15
BRH:15
end_of_record
TN:
SF:src/types/serverErrorTypes.ts
FNF:0
FNH:0
DA:1,1
DA:2,1
DA:3,1
DA:4,1
DA:5,1
DA:6,1
DA:7,1
DA:8,1
DA:9,1
DA:10,1
LF:10
LH:10
BRF:0
BRH:0
end_of_record
TN:
SF:src/utils/cryptographyData.ts
FN:5,cryptsPassword
FN:11,validatePassword
FNF:2
FNH:2
FNDA:5,cryptsPassword
FNDA:2,validatePassword
DA:1,1
DA:2,1
DA:3,1
DA:4,1
DA:5,5
DA:6,5
DA:7,5
DA:8,5
DA:9,5
DA:10,1
DA:11,2
DA:12,2
DA:13,2
DA:14,2
LF:14
LH:14
BRDA:5,0,0,5
BRDA:11,1,0,2
BRF:2
BRH:2
end_of_record
TN:
SF:tests/factory/agentFactory.ts
FNF:0
FNH:0
DA:1,1
DA:2,1
DA:3,1
DA:4,1
LF:4
LH:4
BRF:0
BRH:0
end_of_record
TN:
SF:tests/factory/userFactory.ts
FN:5,__createEmail
FN:11,__createPassword
FN:24,__createUser
FN:37,__createSession
FNF:4
FNH:4
FNDA:7,__createEmail
FNDA:8,__createPassword
FNDA:6,__createUser
FNDA:3,__createSession
DA:1,1
DA:2,1
DA:3,1
DA:4,1
DA:5,7
DA:6,7
DA:7,7
DA:8,7
DA:9,7
DA:10,1
DA:11,8
DA:12,8
DA:13,8
DA:14,8
DA:15,8
DA:16,8
DA:17,8
DA:18,8
DA:19,8
DA:20,8
DA:21,8
DA:22,8
DA:23,1
DA:24,6
DA:25,6
DA:26,6
DA:27,6
DA:28,6
DA:29,6
DA:30,6
DA:31,6
DA:32,6
DA:33,6
DA:34,6
DA:35,6
DA:36,1
DA:37,3
DA:38,3
DA:39,3
DA:40,3
DA:41,3
DA:42,3
DA:43,3
DA:44,3
LF:44
LH:44
BRDA:5,0,0,7
BRDA:11,1,0,8
BRDA:24,2,0,6
BRDA:37,3,0,3
BRF:4
BRH:4
end_of_record
