TN:
SF:src/index.ts
FNF:0
FNH:0
DA:1,1
DA:2,1
DA:3,1
DA:4,1
DA:5,1
DA:6,1
DA:7,1
DA:8,1
DA:9,1
DA:10,1
DA:11,1
DA:12,1
DA:13,1
DA:14,1
LF:14
LH:14
BRF:0
BRH:0
end_of_record
TN:
SF:src/config/config.ts
FNF:0
FNH:0
DA:1,1
DA:2,1
DA:3,1
DA:4,1
DA:5,1
LF:5
LH:5
BRDA:3,0,0,0
BRF:1
BRH:0
end_of_record
TN:
SF:src/controllers/authController.ts
FN:6,signUp
FN:14,signIn
FNF:2
FNH:1
FNDA:4,signUp
FNDA:0,signIn
DA:1,1
DA:2,1
DA:3,1
DA:4,1
DA:5,1
DA:6,4
DA:7,4
DA:8,4
DA:9,4
DA:10,2
DA:11,2
DA:12,2
DA:13,1
DA:14,0
DA:15,0
DA:16,0
DA:17,0
DA:18,0
DA:19,0
DA:20,0
LF:20
LH:13
BRDA:6,0,0,4
BRDA:10,1,0,2
BRF:2
BRH:2
end_of_record
TN:
SF:src/database/postgres.ts
FNF:0
FNH:0
DA:1,1
DA:2,1
DA:3,1
DA:4,1
DA:5,1
LF:5
LH:5
BRF:0
BRH:0
end_of_record
TN:
SF:src/errors/throwErrors.ts
FN:3,throwCustomError
FNF:1
FNH:1
FNDA:2,throwCustomError
DA:1,1
DA:2,1
DA:3,2
DA:4,2
DA:5,2
LF:5
LH:5
BRDA:3,0,0,2
BRF:1
BRH:1
end_of_record
TN:
SF:src/middlewares/errorHandlerMiddleware.ts
FN:5,errorHandler
FNF:1
FNH:1
FNDA:2,errorHandler
DA:1,1
DA:2,1
DA:3,1
DA:4,1
DA:5,2
DA:6,2
DA:7,2
DA:8,2
DA:9,2
DA:10,2
DA:11,0
DA:12,0
DA:13,0
LF:13
LH:10
BRDA:5,0,0,2
BRDA:11,1,0,0
BRF:2
BRH:1
end_of_record
TN:
SF:src/middlewares/validateSchemasMiddleware.ts
FN:4,validateShemas
FNF:1
FNH:1
FNDA:2,validateShemas
DA:1,1
DA:2,1
DA:3,1
DA:4,2
DA:5,2
DA:6,4
DA:7,4
DA:8,4
DA:9,0
DA:10,0
DA:11,4
DA:12,4
DA:13,2
DA:14,2
LF:14
LH:12
BRDA:4,0,0,2
BRDA:5,1,0,4
BRDA:8,2,0,0
BRF:3
BRH:2
end_of_record
TN:
SF:src/repositories/authRepository.ts
FN:2,findUserEmail
FN:10,createUser
FNF:2
FNH:2
FNDA:4,findUserEmail
FNDA:2,createUser
DA:1,1
DA:2,4
DA:3,4
DA:4,4
DA:5,4
DA:6,4
DA:7,4
DA:8,4
DA:9,4
DA:10,2
DA:11,2
DA:12,2
DA:13,2
DA:14,2
DA:15,2
DA:16,2
DA:17,2
LF:17
LH:17
BRDA:2,0,0,4
BRDA:10,1,0,2
BRF:2
BRH:2
end_of_record
TN:
SF:src/routes/authRouter.ts
FNF:0
FNH:0
DA:1,1
DA:2,1
DA:3,1
DA:4,1
DA:5,1
DA:6,1
DA:7,1
DA:8,1
DA:9,1
DA:10,1
DA:11,1
LF:11
LH:11
BRF:0
BRH:0
end_of_record
TN:
SF:src/routes/routes.ts
FNF:0
FNH:0
DA:1,1
DA:2,1
DA:3,1
DA:4,1
DA:5,1
DA:6,1
DA:7,1
DA:8,1
LF:8
LH:8
BRF:0
BRH:0
end_of_record
TN:
SF:src/schemas/authSchema.ts
FNF:0
FNH:0
DA:1,1
DA:2,1
DA:3,1
DA:4,1
DA:5,1
DA:6,1
DA:7,1
DA:8,1
DA:9,1
DA:10,1
DA:11,1
DA:12,1
DA:13,1
DA:14,1
DA:15,1
DA:16,1
LF:16
LH:16
BRF:0
BRH:0
end_of_record
TN:
SF:src/schemas/schemas.ts
FNF:0
FNH:0
DA:1,1
DA:2,1
DA:3,1
DA:4,1
DA:5,1
DA:6,1
DA:7,1
DA:8,1
LF:8
LH:8
BRF:0
BRH:0
end_of_record
TN:
SF:src/services/authServices.ts
FN:12,login
FN:30,createUser
FNF:2
FNH:1
FNDA:0,login
FNDA:4,createUser
DA:1,1
DA:2,1
DA:3,1
DA:4,1
DA:5,1
DA:6,1
DA:7,1
DA:8,1
DA:9,1
DA:10,1
DA:11,1
DA:12,0
DA:13,0
DA:14,0
DA:15,0
DA:16,0
DA:17,0
DA:18,0
DA:19,0
DA:20,0
DA:21,0
DA:22,0
DA:23,0
DA:24,0
DA:25,0
DA:26,0
DA:27,0
DA:28,0
DA:29,1
DA:30,4
DA:31,4
DA:32,4
DA:33,4
DA:34,1
DA:35,1
DA:36,4
DA:37,1
DA:38,1
DA:39,2
DA:40,2
DA:41,2
LF:41
LH:24
BRDA:30,0,0,4
BRDA:33,1,0,1
BRDA:36,2,0,3
BRDA:36,3,0,1
BRDA:39,4,0,2
BRF:5
BRH:5
end_of_record
TN:
SF:src/types/serverErrorTypes.ts
FNF:0
FNH:0
DA:1,1
DA:2,1
DA:3,1
DA:4,1
DA:5,1
DA:6,1
DA:7,1
DA:8,1
DA:9,1
DA:10,1
LF:10
LH:10
BRF:0
BRH:0
end_of_record
TN:
SF:src/utils/cryptographyData.ts
FN:5,cryptsPassword
FN:11,validatePassword
FNF:2
FNH:1
FNDA:2,cryptsPassword
FNDA:0,validatePassword
DA:1,1
DA:2,1
DA:3,1
DA:4,1
DA:5,2
DA:6,2
DA:7,2
DA:8,2
DA:9,2
DA:10,1
DA:11,0
DA:12,0
DA:13,0
DA:14,0
LF:14
LH:10
BRDA:5,0,0,2
BRF:1
BRH:1
end_of_record
TN:
SF:tests/factory/agentFactory.ts
FNF:0
FNH:0
DA:1,1
DA:2,1
DA:3,1
DA:4,1
LF:4
LH:4
BRF:0
BRH:0
end_of_record
TN:
SF:tests/factory/userFactory.ts
FN:4,__createPassword
FN:17,__creteUser
FNF:2
FNH:2
FNDA:4,__createPassword
FNDA:3,__creteUser
DA:1,1
DA:2,1
DA:3,1
DA:4,4
DA:5,4
DA:6,4
DA:7,4
DA:8,4
DA:9,4
DA:10,4
DA:11,4
DA:12,4
DA:13,4
DA:14,4
DA:15,4
DA:16,1
DA:17,3
DA:18,3
DA:19,3
DA:20,3
DA:21,3
DA:22,3
DA:23,3
DA:24,3
DA:25,3
DA:26,3
DA:27,3
LF:27
LH:27
BRDA:4,0,0,4
BRDA:17,1,0,3
BRF:2
BRH:2
end_of_record
